 WARN: Can't find icon for String (ResourceLoaderWrapper.java:332)
 WARN: Can't find icon for String (ResourceLoaderWrapper.java:332)
 WARN: Can't find icon for String (ResourceLoaderWrapper.java:332)
 WARN: Can't find icon for String (ResourceLoaderWrapper.java:332)
 WARN: Can't find icon for String (ResourceLoaderWrapper.java:332)
 WARN: Can't find icon for String (ResourceLoaderWrapper.java:332)
 WARN: Can't find icon for String (ResourceLoaderWrapper.java:332)
 WARN: Can't find icon for String (ResourceLoaderWrapper.java:332)
 WARN: Can't find icon for String (ResourceLoaderWrapper.java:332)
 WARN: Can't find icon for String (ResourceLoaderWrapper.java:332)
 WARN: Can't find icon for String (ResourceLoaderWrapper.java:332)
 WARN: Can't find icon for String (ResourceLoaderWrapper.java:332)
 WARN: Can't find icon for String (ResourceLoaderWrapper.java:332)
 WARN: Can't find icon for String (ResourceLoaderWrapper.java:332)
 WARN: Requested icon for: class org.argouml.uml.ui.foundation.core.ActionNewInnerClass. 
Icon not found: button.new-inner-class
Imagebinding:button.new-inner-class
Localization:New Inner Class (UMLAction.java:129)
 WARN: Requested icon for: class org.argouml.uml.ui.foundation.core.ActionNewClass. 
Icon not found: button.new-class
Imagebinding:button.new-class
Localization:New Class (UMLAction.java:129)
 WARN: Requested icon for: class org.argouml.uml.ui.foundation.extension_mechanisms.ActionNewStereotype. 
Icon not found: button.new-stereotype
Imagebinding:button.new-stereotype
Localization:New Stereotype (UMLAction.java:129)
 WARN: Requested icon for: class org.argouml.uml.ui.foundation.extension_mechanisms.ActionNewStereotype. 
Icon not found: button.new-stereotype
Imagebinding:button.new-stereotype
Localization:New Stereotype (UMLAction.java:129)
 WARN: Can't find icon for String (ResourceLoaderWrapper.java:332)
 WARN: Can't find icon for String (ResourceLoaderWrapper.java:332)
 WARN: Can't find icon for String (ResourceLoaderWrapper.java:332)
 WARN: Can't find icon for String (ResourceLoaderWrapper.java:332)
 WARN: Can't find icon for String (ResourceLoaderWrapper.java:332)
 WARN: Can't find icon for String (ResourceLoaderWrapper.java:332)
 WARN: Can't find icon for String (ResourceLoaderWrapper.java:332)
 WARN: Can't find icon for String (ResourceLoaderWrapper.java:332)
 WARN: Can't find icon for String (ResourceLoaderWrapper.java:332)
 WARN: Can't find icon for String (ResourceLoaderWrapper.java:332)
 WARN: Can't find icon for String (ResourceLoaderWrapper.java:332)
 WARN: Can't find icon for String (ResourceLoaderWrapper.java:332)
 WARN: Can't find icon for String (ResourceLoaderWrapper.java:332)
 WARN: Can't find icon for String (ResourceLoaderWrapper.java:332)
 WARN: Requested icon for: class org.argouml.uml.ui.model_management.ActionAddPackage. 
Icon not found: button.new-package
Imagebinding:button.new-package
Localization:New Package (UMLAction.java:129)
 WARN: Requested icon for: class org.argouml.uml.ui.foundation.core.ActionAddDataType. 
Icon not found: button.new-datatype
Imagebinding:button.new-datatype
Localization:New Datatype (UMLAction.java:129)
 WARN: Requested icon for: class org.argouml.uml.ui.foundation.extension_mechanisms.ActionNewStereotype. 
Icon not found: button.new-stereotype
Imagebinding:button.new-stereotype
Localization:New Stereotype (UMLAction.java:129)
 WARN: Requested icon for: class org.argouml.uml.ui.foundation.core.ActionNewInnerClass. 
Icon not found: button.new-inner-class
Imagebinding:button.new-inner-class
Localization:New Inner Class (UMLAction.java:129)
 WARN: Requested icon for: class org.argouml.uml.ui.foundation.core.ActionNewClass. 
Icon not found: button.new-class
Imagebinding:button.new-class
Localization:New Class (UMLAction.java:129)
 WARN: Requested icon for: class org.argouml.uml.ui.foundation.extension_mechanisms.ActionNewStereotype. 
Icon not found: button.new-stereotype
Imagebinding:button.new-stereotype
Localization:New Stereotype (UMLAction.java:129)
 WARN: Requested icon for: class org.argouml.uml.ui.foundation.core.ActionAddDataType. 
Icon not found: button.new-datatype
Imagebinding:button.new-datatype
Localization:New Datatype (UMLAction.java:129)
 WARN: Requested icon for: class org.argouml.uml.ui.foundation.extension_mechanisms.ActionNewStereotype. 
Icon not found: button.new-stereotype
Imagebinding:button.new-stereotype
Localization:New Stereotype (UMLAction.java:129)
 WARN: Can't find icon for Multiplicity (ResourceLoaderWrapper.java:332)
 WARN: Can't find icon for Multiplicity (ResourceLoaderWrapper.java:332)
 WARN: Can't find icon for Multiplicity (ResourceLoaderWrapper.java:332)
 WARN: Can't find icon for Multiplicity (ResourceLoaderWrapper.java:332)
 WARN: Can't find icon for Multiplicity (ResourceLoaderWrapper.java:332)
 WARN: Can't find icon for Multiplicity (ResourceLoaderWrapper.java:332)
 WARN: Can't find icon for Multiplicity (ResourceLoaderWrapper.java:332)
 WARN: Can't find icon for Multiplicity (ResourceLoaderWrapper.java:332)
 WARN: Can't find icon for Multiplicity (ResourceLoaderWrapper.java:332)
 WARN: Can't find icon for Multiplicity (ResourceLoaderWrapper.java:332)
 WARN: Can't find icon for Multiplicity (ResourceLoaderWrapper.java:332)
 WARN: Can't find icon for Multiplicity (ResourceLoaderWrapper.java:332)
 WARN: Can't find icon for Multiplicity (ResourceLoaderWrapper.java:332)
 WARN: Can't find icon for Multiplicity (ResourceLoaderWrapper.java:332)
